2023-05-03 10:20:31,320:WARNING:
'cuml' is a soft dependency and not included in the pycaret installation. Please run: `pip install cuml` to install.
2023-05-03 10:20:31,321:WARNING:
'cuml' is a soft dependency and not included in the pycaret installation. Please run: `pip install cuml` to install.
2023-05-03 10:20:31,321:WARNING:
'cuml' is a soft dependency and not included in the pycaret installation. Please run: `pip install cuml` to install.
2023-05-03 10:20:31,321:WARNING:
'cuml' is a soft dependency and not included in the pycaret installation. Please run: `pip install cuml` to install.
2023-05-03 10:20:33,011:WARNING:
'prophet' is a soft dependency and not included in the pycaret installation. Please run: `pip install prophet` to install.
2023-05-03 10:20:39,627:INFO:PyCaret ClassificationExperiment
2023-05-03 10:20:39,628:INFO:Logging name: clf-default-name
2023-05-03 10:20:39,628:INFO:ML Usecase: MLUsecase.CLASSIFICATION
2023-05-03 10:20:39,628:INFO:version 3.0.0
2023-05-03 10:20:39,628:INFO:Initializing setup()
2023-05-03 10:20:39,628:INFO:self.USI: c908
2023-05-03 10:20:39,628:INFO:self._variable_keys: {'target_param', 'y_train', 'y', 'is_multiclass', 'USI', 'gpu_n_jobs_param', 'gpu_param', 'fold_groups_param', 'memory', 'idx', 'seed', 'exp_id', '_available_plots', 'fix_imbalance', 'X', 'exp_name_log', '_ml_usecase', 'data', 'logging_param', 'html_param', 'n_jobs_param', 'pipeline', 'log_plots_param', 'X_test', 'X_train', 'y_test', 'fold_generator', 'fold_shuffle_param'}
2023-05-03 10:20:39,628:INFO:Checking environment
2023-05-03 10:20:39,628:INFO:python_version: 3.10.9
2023-05-03 10:20:39,628:INFO:python_build: ('main', 'Mar  1 2023 18:18:15')
2023-05-03 10:20:39,628:INFO:machine: AMD64
2023-05-03 10:20:39,628:INFO:platform: Windows-10-10.0.22621-SP0
2023-05-03 10:20:39,628:INFO:Memory: svmem(total=16760946688, available=7222112256, percent=56.9, used=9538834432, free=7222112256)
2023-05-03 10:20:39,628:INFO:Physical Core: 4
2023-05-03 10:20:39,629:INFO:Logical Core: 8
2023-05-03 10:20:39,629:INFO:Checking libraries
2023-05-03 10:20:39,629:INFO:System:
2023-05-03 10:20:39,629:INFO:    python: 3.10.9 | packaged by Anaconda, Inc. | (main, Mar  1 2023, 18:18:15) [MSC v.1916 64 bit (AMD64)]
2023-05-03 10:20:39,629:INFO:executable: c:\Users\DELL\anaconda3\python.exe
2023-05-03 10:20:39,629:INFO:   machine: Windows-10-10.0.22621-SP0
2023-05-03 10:20:39,629:INFO:PyCaret required dependencies:
2023-05-03 10:20:39,629:INFO:                 pip: 22.3.1
2023-05-03 10:20:39,629:INFO:          setuptools: 65.6.3
2023-05-03 10:20:39,629:INFO:             pycaret: 3.0.0
2023-05-03 10:20:39,629:INFO:             IPython: 8.10.0
2023-05-03 10:20:39,629:INFO:          ipywidgets: 7.6.5
2023-05-03 10:20:39,629:INFO:                tqdm: 4.64.1
2023-05-03 10:20:39,629:INFO:               numpy: 1.23.5
2023-05-03 10:20:39,629:INFO:              pandas: 1.5.3
2023-05-03 10:20:39,629:INFO:              jinja2: 3.1.2
2023-05-03 10:20:39,629:INFO:               scipy: 1.10.0
2023-05-03 10:20:39,629:INFO:              joblib: 1.2.0
2023-05-03 10:20:39,629:INFO:             sklearn: 1.2.1
2023-05-03 10:20:39,629:INFO:                pyod: 1.0.9
2023-05-03 10:20:39,630:INFO:            imblearn: 0.10.1
2023-05-03 10:20:39,630:INFO:   category_encoders: 2.6.0
2023-05-03 10:20:39,630:INFO:            lightgbm: 3.3.5
2023-05-03 10:20:39,630:INFO:               numba: 0.56.4
2023-05-03 10:20:39,630:INFO:            requests: 2.28.1
2023-05-03 10:20:39,630:INFO:          matplotlib: 3.7.0
2023-05-03 10:20:39,630:INFO:          scikitplot: 0.3.7
2023-05-03 10:20:39,630:INFO:         yellowbrick: 1.5
2023-05-03 10:20:39,630:INFO:              plotly: 5.9.0
2023-05-03 10:20:39,630:INFO:             kaleido: 0.2.1
2023-05-03 10:20:39,630:INFO:         statsmodels: 0.13.5
2023-05-03 10:20:39,630:INFO:              sktime: 0.18.0
2023-05-03 10:20:39,630:INFO:               tbats: 1.1.3
2023-05-03 10:20:39,630:INFO:            pmdarima: 2.0.3
2023-05-03 10:20:39,630:INFO:              psutil: 5.9.0
2023-05-03 10:20:39,630:INFO:PyCaret optional dependencies:
2023-05-03 10:20:39,643:INFO:                shap: Not installed
2023-05-03 10:20:39,643:INFO:           interpret: Not installed
2023-05-03 10:20:39,643:INFO:                umap: Not installed
2023-05-03 10:20:39,643:INFO:    pandas_profiling: Not installed
2023-05-03 10:20:39,643:INFO:  explainerdashboard: Not installed
2023-05-03 10:20:39,643:INFO:             autoviz: Not installed
2023-05-03 10:20:39,643:INFO:           fairlearn: Not installed
2023-05-03 10:20:39,643:INFO:             xgboost: Not installed
2023-05-03 10:20:39,643:INFO:            catboost: Not installed
2023-05-03 10:20:39,643:INFO:              kmodes: Not installed
2023-05-03 10:20:39,643:INFO:             mlxtend: Not installed
2023-05-03 10:20:39,643:INFO:       statsforecast: Not installed
2023-05-03 10:20:39,643:INFO:        tune_sklearn: Not installed
2023-05-03 10:20:39,643:INFO:                 ray: Not installed
2023-05-03 10:20:39,643:INFO:            hyperopt: Not installed
2023-05-03 10:20:39,643:INFO:              optuna: Not installed
2023-05-03 10:20:39,644:INFO:               skopt: Not installed
2023-05-03 10:20:39,644:INFO:              mlflow: Not installed
2023-05-03 10:20:39,644:INFO:              gradio: Not installed
2023-05-03 10:20:39,644:INFO:             fastapi: Not installed
2023-05-03 10:20:39,644:INFO:             uvicorn: Not installed
2023-05-03 10:20:39,644:INFO:              m2cgen: Not installed
2023-05-03 10:20:39,644:INFO:           evidently: Not installed
2023-05-03 10:20:39,644:INFO:               fugue: Not installed
2023-05-03 10:20:39,644:INFO:           streamlit: Not installed
2023-05-03 10:20:39,644:INFO:             prophet: Not installed
2023-05-03 10:20:39,644:INFO:None
2023-05-03 10:20:39,644:INFO:Set up data.
2023-05-03 10:22:18,154:INFO:PyCaret ClassificationExperiment
2023-05-03 10:22:18,154:INFO:Logging name: clf-default-name
2023-05-03 10:22:18,154:INFO:ML Usecase: MLUsecase.CLASSIFICATION
2023-05-03 10:22:18,154:INFO:version 3.0.0
2023-05-03 10:22:18,154:INFO:Initializing setup()
2023-05-03 10:22:18,154:INFO:self.USI: c9b7
2023-05-03 10:22:18,154:INFO:self._variable_keys: {'target_param', 'y_train', 'y', 'is_multiclass', 'USI', 'gpu_n_jobs_param', 'gpu_param', 'fold_groups_param', 'memory', 'idx', 'seed', 'exp_id', '_available_plots', 'fix_imbalance', 'X', 'exp_name_log', '_ml_usecase', 'data', 'logging_param', 'html_param', 'n_jobs_param', 'pipeline', 'log_plots_param', 'X_test', 'X_train', 'y_test', 'fold_generator', 'fold_shuffle_param'}
2023-05-03 10:22:18,154:INFO:Checking environment
2023-05-03 10:22:18,154:INFO:python_version: 3.10.9
2023-05-03 10:22:18,155:INFO:python_build: ('main', 'Mar  1 2023 18:18:15')
2023-05-03 10:22:18,155:INFO:machine: AMD64
2023-05-03 10:22:18,155:INFO:platform: Windows-10-10.0.22621-SP0
2023-05-03 10:22:18,155:INFO:Memory: svmem(total=16760946688, available=7259000832, percent=56.7, used=9501945856, free=7259000832)
2023-05-03 10:22:18,155:INFO:Physical Core: 4
2023-05-03 10:22:18,155:INFO:Logical Core: 8
2023-05-03 10:22:18,155:INFO:Checking libraries
2023-05-03 10:22:18,155:INFO:System:
2023-05-03 10:22:18,155:INFO:    python: 3.10.9 | packaged by Anaconda, Inc. | (main, Mar  1 2023, 18:18:15) [MSC v.1916 64 bit (AMD64)]
2023-05-03 10:22:18,155:INFO:executable: c:\Users\DELL\anaconda3\python.exe
2023-05-03 10:22:18,155:INFO:   machine: Windows-10-10.0.22621-SP0
2023-05-03 10:22:18,155:INFO:PyCaret required dependencies:
2023-05-03 10:22:18,155:INFO:                 pip: 22.3.1
2023-05-03 10:22:18,155:INFO:          setuptools: 65.6.3
2023-05-03 10:22:18,155:INFO:             pycaret: 3.0.0
2023-05-03 10:22:18,155:INFO:             IPython: 8.10.0
2023-05-03 10:22:18,155:INFO:          ipywidgets: 7.6.5
2023-05-03 10:22:18,156:INFO:                tqdm: 4.64.1
2023-05-03 10:22:18,156:INFO:               numpy: 1.23.5
2023-05-03 10:22:18,156:INFO:              pandas: 1.5.3
2023-05-03 10:22:18,156:INFO:              jinja2: 3.1.2
2023-05-03 10:22:18,156:INFO:               scipy: 1.10.0
2023-05-03 10:22:18,156:INFO:              joblib: 1.2.0
2023-05-03 10:22:18,156:INFO:             sklearn: 1.2.1
2023-05-03 10:22:18,156:INFO:                pyod: 1.0.9
2023-05-03 10:22:18,156:INFO:            imblearn: 0.10.1
2023-05-03 10:22:18,156:INFO:   category_encoders: 2.6.0
2023-05-03 10:22:18,156:INFO:            lightgbm: 3.3.5
2023-05-03 10:22:18,156:INFO:               numba: 0.56.4
2023-05-03 10:22:18,156:INFO:            requests: 2.28.1
2023-05-03 10:22:18,156:INFO:          matplotlib: 3.7.0
2023-05-03 10:22:18,156:INFO:          scikitplot: 0.3.7
2023-05-03 10:22:18,156:INFO:         yellowbrick: 1.5
2023-05-03 10:22:18,156:INFO:              plotly: 5.9.0
2023-05-03 10:22:18,156:INFO:             kaleido: 0.2.1
2023-05-03 10:22:18,156:INFO:         statsmodels: 0.13.5
2023-05-03 10:22:18,157:INFO:              sktime: 0.18.0
2023-05-03 10:22:18,157:INFO:               tbats: 1.1.3
2023-05-03 10:22:18,157:INFO:            pmdarima: 2.0.3
2023-05-03 10:22:18,157:INFO:              psutil: 5.9.0
2023-05-03 10:22:18,157:INFO:PyCaret optional dependencies:
2023-05-03 10:22:18,157:INFO:                shap: Not installed
2023-05-03 10:22:18,157:INFO:           interpret: Not installed
2023-05-03 10:22:18,157:INFO:                umap: Not installed
2023-05-03 10:22:18,157:INFO:    pandas_profiling: Not installed
2023-05-03 10:22:18,157:INFO:  explainerdashboard: Not installed
2023-05-03 10:22:18,157:INFO:             autoviz: Not installed
2023-05-03 10:22:18,157:INFO:           fairlearn: Not installed
2023-05-03 10:22:18,157:INFO:             xgboost: Not installed
2023-05-03 10:22:18,157:INFO:            catboost: Not installed
2023-05-03 10:22:18,157:INFO:              kmodes: Not installed
2023-05-03 10:22:18,157:INFO:             mlxtend: Not installed
2023-05-03 10:22:18,157:INFO:       statsforecast: Not installed
2023-05-03 10:22:18,158:INFO:        tune_sklearn: Not installed
2023-05-03 10:22:18,158:INFO:                 ray: Not installed
2023-05-03 10:22:18,158:INFO:            hyperopt: Not installed
2023-05-03 10:22:18,158:INFO:              optuna: Not installed
2023-05-03 10:22:18,158:INFO:               skopt: Not installed
2023-05-03 10:22:18,158:INFO:              mlflow: Not installed
2023-05-03 10:22:18,158:INFO:              gradio: Not installed
2023-05-03 10:22:18,158:INFO:             fastapi: Not installed
2023-05-03 10:22:18,158:INFO:             uvicorn: Not installed
2023-05-03 10:22:18,158:INFO:              m2cgen: Not installed
2023-05-03 10:22:18,158:INFO:           evidently: Not installed
2023-05-03 10:22:18,158:INFO:               fugue: Not installed
2023-05-03 10:22:18,158:INFO:           streamlit: Not installed
2023-05-03 10:22:18,158:INFO:             prophet: Not installed
2023-05-03 10:22:18,158:INFO:None
2023-05-03 10:22:18,158:INFO:Set up data.
2023-05-03 10:23:17,395:INFO:PyCaret ClassificationExperiment
2023-05-03 10:23:17,396:INFO:Logging name: clf-default-name
2023-05-03 10:23:17,396:INFO:ML Usecase: MLUsecase.CLASSIFICATION
2023-05-03 10:23:17,396:INFO:version 3.0.0
2023-05-03 10:23:17,396:INFO:Initializing setup()
2023-05-03 10:23:17,396:INFO:self.USI: 1170
2023-05-03 10:23:17,396:INFO:self._variable_keys: {'target_param', 'y_train', 'y', 'is_multiclass', 'USI', 'gpu_n_jobs_param', 'gpu_param', 'fold_groups_param', 'memory', 'idx', 'seed', 'exp_id', '_available_plots', 'fix_imbalance', 'X', 'exp_name_log', '_ml_usecase', 'data', 'logging_param', 'html_param', 'n_jobs_param', 'pipeline', 'log_plots_param', 'X_test', 'X_train', 'y_test', 'fold_generator', 'fold_shuffle_param'}
2023-05-03 10:23:17,396:INFO:Checking environment
2023-05-03 10:23:17,396:INFO:python_version: 3.10.9
2023-05-03 10:23:17,396:INFO:python_build: ('main', 'Mar  1 2023 18:18:15')
2023-05-03 10:23:17,396:INFO:machine: AMD64
2023-05-03 10:23:17,396:INFO:platform: Windows-10-10.0.22621-SP0
2023-05-03 10:23:17,396:INFO:Memory: svmem(total=16760946688, available=7216365568, percent=56.9, used=9544581120, free=7216365568)
2023-05-03 10:23:17,396:INFO:Physical Core: 4
2023-05-03 10:23:17,396:INFO:Logical Core: 8
2023-05-03 10:23:17,396:INFO:Checking libraries
2023-05-03 10:23:17,396:INFO:System:
2023-05-03 10:23:17,396:INFO:    python: 3.10.9 | packaged by Anaconda, Inc. | (main, Mar  1 2023, 18:18:15) [MSC v.1916 64 bit (AMD64)]
2023-05-03 10:23:17,397:INFO:executable: c:\Users\DELL\anaconda3\python.exe
2023-05-03 10:23:17,397:INFO:   machine: Windows-10-10.0.22621-SP0
2023-05-03 10:23:17,397:INFO:PyCaret required dependencies:
2023-05-03 10:23:17,397:INFO:                 pip: 22.3.1
2023-05-03 10:23:17,397:INFO:          setuptools: 65.6.3
2023-05-03 10:23:17,397:INFO:             pycaret: 3.0.0
2023-05-03 10:23:17,397:INFO:             IPython: 8.10.0
2023-05-03 10:23:17,397:INFO:          ipywidgets: 7.6.5
2023-05-03 10:23:17,397:INFO:                tqdm: 4.64.1
2023-05-03 10:23:17,397:INFO:               numpy: 1.23.5
2023-05-03 10:23:17,397:INFO:              pandas: 1.5.3
2023-05-03 10:23:17,397:INFO:              jinja2: 3.1.2
2023-05-03 10:23:17,397:INFO:               scipy: 1.10.0
2023-05-03 10:23:17,397:INFO:              joblib: 1.2.0
2023-05-03 10:23:17,397:INFO:             sklearn: 1.2.1
2023-05-03 10:23:17,397:INFO:                pyod: 1.0.9
2023-05-03 10:23:17,397:INFO:            imblearn: 0.10.1
2023-05-03 10:23:17,397:INFO:   category_encoders: 2.6.0
2023-05-03 10:23:17,397:INFO:            lightgbm: 3.3.5
2023-05-03 10:23:17,397:INFO:               numba: 0.56.4
2023-05-03 10:23:17,397:INFO:            requests: 2.28.1
2023-05-03 10:23:17,397:INFO:          matplotlib: 3.7.0
2023-05-03 10:23:17,397:INFO:          scikitplot: 0.3.7
2023-05-03 10:23:17,397:INFO:         yellowbrick: 1.5
2023-05-03 10:23:17,397:INFO:              plotly: 5.9.0
2023-05-03 10:23:17,397:INFO:             kaleido: 0.2.1
2023-05-03 10:23:17,397:INFO:         statsmodels: 0.13.5
2023-05-03 10:23:17,397:INFO:              sktime: 0.18.0
2023-05-03 10:23:17,397:INFO:               tbats: 1.1.3
2023-05-03 10:23:17,397:INFO:            pmdarima: 2.0.3
2023-05-03 10:23:17,398:INFO:              psutil: 5.9.0
2023-05-03 10:23:17,398:INFO:PyCaret optional dependencies:
2023-05-03 10:23:17,398:INFO:                shap: Not installed
2023-05-03 10:23:17,398:INFO:           interpret: Not installed
2023-05-03 10:23:17,398:INFO:                umap: Not installed
2023-05-03 10:23:17,398:INFO:    pandas_profiling: Not installed
2023-05-03 10:23:17,398:INFO:  explainerdashboard: Not installed
2023-05-03 10:23:17,398:INFO:             autoviz: Not installed
2023-05-03 10:23:17,398:INFO:           fairlearn: Not installed
2023-05-03 10:23:17,398:INFO:             xgboost: Not installed
2023-05-03 10:23:17,398:INFO:            catboost: Not installed
2023-05-03 10:23:17,398:INFO:              kmodes: Not installed
2023-05-03 10:23:17,399:INFO:             mlxtend: Not installed
2023-05-03 10:23:17,399:INFO:       statsforecast: Not installed
2023-05-03 10:23:17,399:INFO:        tune_sklearn: Not installed
2023-05-03 10:23:17,399:INFO:                 ray: Not installed
2023-05-03 10:23:17,399:INFO:            hyperopt: Not installed
2023-05-03 10:23:17,400:INFO:              optuna: Not installed
2023-05-03 10:23:17,400:INFO:               skopt: Not installed
2023-05-03 10:23:17,400:INFO:              mlflow: Not installed
2023-05-03 10:23:17,400:INFO:              gradio: Not installed
2023-05-03 10:23:17,400:INFO:             fastapi: Not installed
2023-05-03 10:23:17,400:INFO:             uvicorn: Not installed
2023-05-03 10:23:17,400:INFO:              m2cgen: Not installed
2023-05-03 10:23:17,400:INFO:           evidently: Not installed
2023-05-03 10:23:17,400:INFO:               fugue: Not installed
2023-05-03 10:23:17,400:INFO:           streamlit: Not installed
2023-05-03 10:23:17,400:INFO:             prophet: Not installed
2023-05-03 10:23:17,400:INFO:None
2023-05-03 10:23:17,400:INFO:Set up data.
2023-05-03 10:24:31,503:INFO:PyCaret ClassificationExperiment
2023-05-03 10:24:31,503:INFO:Logging name: clf-default-name
2023-05-03 10:24:31,503:INFO:ML Usecase: MLUsecase.CLASSIFICATION
2023-05-03 10:24:31,503:INFO:version 3.0.0
2023-05-03 10:24:31,503:INFO:Initializing setup()
2023-05-03 10:24:31,503:INFO:self.USI: 3a5a
2023-05-03 10:24:31,504:INFO:self._variable_keys: {'target_param', 'y_train', 'y', 'is_multiclass', 'USI', 'gpu_n_jobs_param', 'gpu_param', 'fold_groups_param', 'memory', 'idx', 'seed', 'exp_id', '_available_plots', 'fix_imbalance', 'X', 'exp_name_log', '_ml_usecase', 'data', 'logging_param', 'html_param', 'n_jobs_param', 'pipeline', 'log_plots_param', 'X_test', 'X_train', 'y_test', 'fold_generator', 'fold_shuffle_param'}
2023-05-03 10:24:31,504:INFO:Checking environment
2023-05-03 10:24:31,504:INFO:python_version: 3.10.9
2023-05-03 10:24:31,504:INFO:python_build: ('main', 'Mar  1 2023 18:18:15')
2023-05-03 10:24:31,504:INFO:machine: AMD64
2023-05-03 10:24:31,504:INFO:platform: Windows-10-10.0.22621-SP0
2023-05-03 10:24:31,504:INFO:Memory: svmem(total=16760946688, available=7407431680, percent=55.8, used=9353515008, free=7407431680)
2023-05-03 10:24:31,504:INFO:Physical Core: 4
2023-05-03 10:24:31,504:INFO:Logical Core: 8
2023-05-03 10:24:31,504:INFO:Checking libraries
2023-05-03 10:24:31,504:INFO:System:
2023-05-03 10:24:31,504:INFO:    python: 3.10.9 | packaged by Anaconda, Inc. | (main, Mar  1 2023, 18:18:15) [MSC v.1916 64 bit (AMD64)]
2023-05-03 10:24:31,504:INFO:executable: c:\Users\DELL\anaconda3\python.exe
2023-05-03 10:24:31,504:INFO:   machine: Windows-10-10.0.22621-SP0
2023-05-03 10:24:31,504:INFO:PyCaret required dependencies:
2023-05-03 10:24:31,504:INFO:                 pip: 22.3.1
2023-05-03 10:24:31,504:INFO:          setuptools: 65.6.3
2023-05-03 10:24:31,504:INFO:             pycaret: 3.0.0
2023-05-03 10:24:31,504:INFO:             IPython: 8.10.0
2023-05-03 10:24:31,504:INFO:          ipywidgets: 7.6.5
2023-05-03 10:24:31,504:INFO:                tqdm: 4.64.1
2023-05-03 10:24:31,505:INFO:               numpy: 1.23.5
2023-05-03 10:24:31,505:INFO:              pandas: 1.5.3
2023-05-03 10:24:31,505:INFO:              jinja2: 3.1.2
2023-05-03 10:24:31,505:INFO:               scipy: 1.10.0
2023-05-03 10:24:31,505:INFO:              joblib: 1.2.0
2023-05-03 10:24:31,505:INFO:             sklearn: 1.2.1
2023-05-03 10:24:31,505:INFO:                pyod: 1.0.9
2023-05-03 10:24:31,505:INFO:            imblearn: 0.10.1
2023-05-03 10:24:31,505:INFO:   category_encoders: 2.6.0
2023-05-03 10:24:31,505:INFO:            lightgbm: 3.3.5
2023-05-03 10:24:31,505:INFO:               numba: 0.56.4
2023-05-03 10:24:31,505:INFO:            requests: 2.28.1
2023-05-03 10:24:31,505:INFO:          matplotlib: 3.7.0
2023-05-03 10:24:31,506:INFO:          scikitplot: 0.3.7
2023-05-03 10:24:31,506:INFO:         yellowbrick: 1.5
2023-05-03 10:24:31,506:INFO:              plotly: 5.9.0
2023-05-03 10:24:31,506:INFO:             kaleido: 0.2.1
2023-05-03 10:24:31,506:INFO:         statsmodels: 0.13.5
2023-05-03 10:24:31,506:INFO:              sktime: 0.18.0
2023-05-03 10:24:31,506:INFO:               tbats: 1.1.3
2023-05-03 10:24:31,506:INFO:            pmdarima: 2.0.3
2023-05-03 10:24:31,506:INFO:              psutil: 5.9.0
2023-05-03 10:24:31,506:INFO:PyCaret optional dependencies:
2023-05-03 10:24:31,506:INFO:                shap: Not installed
2023-05-03 10:24:31,506:INFO:           interpret: Not installed
2023-05-03 10:24:31,506:INFO:                umap: Not installed
2023-05-03 10:24:31,506:INFO:    pandas_profiling: Not installed
2023-05-03 10:24:31,506:INFO:  explainerdashboard: Not installed
2023-05-03 10:24:31,506:INFO:             autoviz: Not installed
2023-05-03 10:24:31,506:INFO:           fairlearn: Not installed
2023-05-03 10:24:31,506:INFO:             xgboost: Not installed
2023-05-03 10:24:31,506:INFO:            catboost: Not installed
2023-05-03 10:24:31,506:INFO:              kmodes: Not installed
2023-05-03 10:24:31,506:INFO:             mlxtend: Not installed
2023-05-03 10:24:31,506:INFO:       statsforecast: Not installed
2023-05-03 10:24:31,506:INFO:        tune_sklearn: Not installed
2023-05-03 10:24:31,507:INFO:                 ray: Not installed
2023-05-03 10:24:31,507:INFO:            hyperopt: Not installed
2023-05-03 10:24:31,507:INFO:              optuna: Not installed
2023-05-03 10:24:31,507:INFO:               skopt: Not installed
2023-05-03 10:24:31,507:INFO:              mlflow: Not installed
2023-05-03 10:24:31,507:INFO:              gradio: Not installed
2023-05-03 10:24:31,507:INFO:             fastapi: Not installed
2023-05-03 10:24:31,507:INFO:             uvicorn: Not installed
2023-05-03 10:24:31,507:INFO:              m2cgen: Not installed
2023-05-03 10:24:31,507:INFO:           evidently: Not installed
2023-05-03 10:24:31,507:INFO:               fugue: Not installed
2023-05-03 10:24:31,507:INFO:           streamlit: Not installed
2023-05-03 10:24:31,507:INFO:             prophet: Not installed
2023-05-03 10:24:31,507:INFO:None
2023-05-03 10:24:31,507:INFO:Set up data.
2023-05-03 10:32:01,327:INFO:PyCaret ClassificationExperiment
2023-05-03 10:32:01,327:INFO:Logging name: clf-default-name
2023-05-03 10:32:01,328:INFO:ML Usecase: MLUsecase.CLASSIFICATION
2023-05-03 10:32:01,328:INFO:version 3.0.0
2023-05-03 10:32:01,328:INFO:Initializing setup()
2023-05-03 10:32:01,328:INFO:self.USI: ca91
2023-05-03 10:32:01,328:INFO:self._variable_keys: {'target_param', 'y_train', 'y', 'is_multiclass', 'USI', 'gpu_n_jobs_param', 'gpu_param', 'fold_groups_param', 'memory', 'idx', 'seed', 'exp_id', '_available_plots', 'fix_imbalance', 'X', 'exp_name_log', '_ml_usecase', 'data', 'logging_param', 'html_param', 'n_jobs_param', 'pipeline', 'log_plots_param', 'X_test', 'X_train', 'y_test', 'fold_generator', 'fold_shuffle_param'}
2023-05-03 10:32:01,328:INFO:Checking environment
2023-05-03 10:32:01,328:INFO:python_version: 3.10.9
2023-05-03 10:32:01,328:INFO:python_build: ('main', 'Mar  1 2023 18:18:15')
2023-05-03 10:32:01,328:INFO:machine: AMD64
2023-05-03 10:32:01,328:INFO:platform: Windows-10-10.0.22621-SP0
2023-05-03 10:32:01,328:INFO:Memory: svmem(total=16760946688, available=6890487808, percent=58.9, used=9870458880, free=6890487808)
2023-05-03 10:32:01,328:INFO:Physical Core: 4
2023-05-03 10:32:01,328:INFO:Logical Core: 8
2023-05-03 10:32:01,328:INFO:Checking libraries
2023-05-03 10:32:01,328:INFO:System:
2023-05-03 10:32:01,328:INFO:    python: 3.10.9 | packaged by Anaconda, Inc. | (main, Mar  1 2023, 18:18:15) [MSC v.1916 64 bit (AMD64)]
2023-05-03 10:32:01,328:INFO:executable: c:\Users\DELL\anaconda3\python.exe
2023-05-03 10:32:01,328:INFO:   machine: Windows-10-10.0.22621-SP0
2023-05-03 10:32:01,328:INFO:PyCaret required dependencies:
2023-05-03 10:32:01,328:INFO:                 pip: 22.3.1
2023-05-03 10:32:01,329:INFO:          setuptools: 65.6.3
2023-05-03 10:32:01,329:INFO:             pycaret: 3.0.0
2023-05-03 10:32:01,329:INFO:             IPython: 8.10.0
2023-05-03 10:32:01,329:INFO:          ipywidgets: 7.6.5
2023-05-03 10:32:01,329:INFO:                tqdm: 4.64.1
2023-05-03 10:32:01,329:INFO:               numpy: 1.23.5
2023-05-03 10:32:01,329:INFO:              pandas: 1.5.3
2023-05-03 10:32:01,329:INFO:              jinja2: 3.1.2
2023-05-03 10:32:01,329:INFO:               scipy: 1.10.0
2023-05-03 10:32:01,329:INFO:              joblib: 1.2.0
2023-05-03 10:32:01,329:INFO:             sklearn: 1.2.1
2023-05-03 10:32:01,329:INFO:                pyod: 1.0.9
2023-05-03 10:32:01,329:INFO:            imblearn: 0.10.1
2023-05-03 10:32:01,330:INFO:   category_encoders: 2.6.0
2023-05-03 10:32:01,330:INFO:            lightgbm: 3.3.5
2023-05-03 10:32:01,330:INFO:               numba: 0.56.4
2023-05-03 10:32:01,330:INFO:            requests: 2.28.1
2023-05-03 10:32:01,330:INFO:          matplotlib: 3.7.0
2023-05-03 10:32:01,330:INFO:          scikitplot: 0.3.7
2023-05-03 10:32:01,330:INFO:         yellowbrick: 1.5
2023-05-03 10:32:01,330:INFO:              plotly: 5.9.0
2023-05-03 10:32:01,330:INFO:             kaleido: 0.2.1
2023-05-03 10:32:01,330:INFO:         statsmodels: 0.13.5
2023-05-03 10:32:01,330:INFO:              sktime: 0.18.0
2023-05-03 10:32:01,330:INFO:               tbats: 1.1.3
2023-05-03 10:32:01,330:INFO:            pmdarima: 2.0.3
2023-05-03 10:32:01,330:INFO:              psutil: 5.9.0
2023-05-03 10:32:01,330:INFO:PyCaret optional dependencies:
2023-05-03 10:32:01,330:INFO:                shap: Not installed
2023-05-03 10:32:01,330:INFO:           interpret: Not installed
2023-05-03 10:32:01,330:INFO:                umap: Not installed
2023-05-03 10:32:01,330:INFO:    pandas_profiling: Not installed
2023-05-03 10:32:01,330:INFO:  explainerdashboard: Not installed
2023-05-03 10:32:01,330:INFO:             autoviz: Not installed
2023-05-03 10:32:01,330:INFO:           fairlearn: Not installed
2023-05-03 10:32:01,331:INFO:             xgboost: Not installed
2023-05-03 10:32:01,331:INFO:            catboost: Not installed
2023-05-03 10:32:01,331:INFO:              kmodes: Not installed
2023-05-03 10:32:01,331:INFO:             mlxtend: Not installed
2023-05-03 10:32:01,331:INFO:       statsforecast: Not installed
2023-05-03 10:32:01,331:INFO:        tune_sklearn: Not installed
2023-05-03 10:32:01,331:INFO:                 ray: Not installed
2023-05-03 10:32:01,331:INFO:            hyperopt: Not installed
2023-05-03 10:32:01,331:INFO:              optuna: Not installed
2023-05-03 10:32:01,331:INFO:               skopt: Not installed
2023-05-03 10:32:01,331:INFO:              mlflow: Not installed
2023-05-03 10:32:01,331:INFO:              gradio: Not installed
2023-05-03 10:32:01,331:INFO:             fastapi: Not installed
2023-05-03 10:32:01,331:INFO:             uvicorn: Not installed
2023-05-03 10:32:01,331:INFO:              m2cgen: Not installed
2023-05-03 10:32:01,331:INFO:           evidently: Not installed
2023-05-03 10:32:01,331:INFO:               fugue: Not installed
2023-05-03 10:32:01,331:INFO:           streamlit: Not installed
2023-05-03 10:32:01,331:INFO:             prophet: Not installed
2023-05-03 10:32:01,331:INFO:None
2023-05-03 10:32:01,331:INFO:Set up data.
2023-05-03 10:32:01,454:INFO:Set up train/test split.
2023-05-03 10:34:33,504:INFO:PyCaret ClassificationExperiment
2023-05-03 10:34:33,504:INFO:Logging name: clf-default-name
2023-05-03 10:34:33,504:INFO:ML Usecase: MLUsecase.CLASSIFICATION
2023-05-03 10:34:33,504:INFO:version 3.0.0
2023-05-03 10:34:33,504:INFO:Initializing setup()
2023-05-03 10:34:33,504:INFO:self.USI: 316c
2023-05-03 10:34:33,504:INFO:self._variable_keys: {'target_param', 'y_train', 'y', 'is_multiclass', 'USI', 'gpu_n_jobs_param', 'gpu_param', 'fold_groups_param', 'memory', 'idx', 'seed', 'exp_id', '_available_plots', 'fix_imbalance', 'X', 'exp_name_log', '_ml_usecase', 'data', 'logging_param', 'html_param', 'n_jobs_param', 'pipeline', 'log_plots_param', 'X_test', 'X_train', 'y_test', 'fold_generator', 'fold_shuffle_param'}
2023-05-03 10:34:33,504:INFO:Checking environment
2023-05-03 10:34:33,504:INFO:python_version: 3.10.9
2023-05-03 10:34:33,504:INFO:python_build: ('main', 'Mar  1 2023 18:18:15')
2023-05-03 10:34:33,504:INFO:machine: AMD64
2023-05-03 10:34:33,504:INFO:platform: Windows-10-10.0.22621-SP0
2023-05-03 10:34:33,504:INFO:Memory: svmem(total=16760946688, available=6901719040, percent=58.8, used=9859227648, free=6901719040)
2023-05-03 10:34:33,504:INFO:Physical Core: 4
2023-05-03 10:34:33,504:INFO:Logical Core: 8
2023-05-03 10:34:33,504:INFO:Checking libraries
2023-05-03 10:34:33,504:INFO:System:
2023-05-03 10:34:33,504:INFO:    python: 3.10.9 | packaged by Anaconda, Inc. | (main, Mar  1 2023, 18:18:15) [MSC v.1916 64 bit (AMD64)]
2023-05-03 10:34:33,505:INFO:executable: c:\Users\DELL\anaconda3\python.exe
2023-05-03 10:34:33,505:INFO:   machine: Windows-10-10.0.22621-SP0
2023-05-03 10:34:33,505:INFO:PyCaret required dependencies:
2023-05-03 10:34:33,505:INFO:                 pip: 22.3.1
2023-05-03 10:34:33,505:INFO:          setuptools: 65.6.3
2023-05-03 10:34:33,505:INFO:             pycaret: 3.0.0
2023-05-03 10:34:33,505:INFO:             IPython: 8.10.0
2023-05-03 10:34:33,505:INFO:          ipywidgets: 7.6.5
2023-05-03 10:34:33,505:INFO:                tqdm: 4.64.1
2023-05-03 10:34:33,505:INFO:               numpy: 1.23.5
2023-05-03 10:34:33,505:INFO:              pandas: 1.5.3
2023-05-03 10:34:33,505:INFO:              jinja2: 3.1.2
2023-05-03 10:34:33,505:INFO:               scipy: 1.10.0
2023-05-03 10:34:33,505:INFO:              joblib: 1.2.0
2023-05-03 10:34:33,505:INFO:             sklearn: 1.2.1
2023-05-03 10:34:33,505:INFO:                pyod: 1.0.9
2023-05-03 10:34:33,505:INFO:            imblearn: 0.10.1
2023-05-03 10:34:33,506:INFO:   category_encoders: 2.6.0
2023-05-03 10:34:33,506:INFO:            lightgbm: 3.3.5
2023-05-03 10:34:33,506:INFO:               numba: 0.56.4
2023-05-03 10:34:33,506:INFO:            requests: 2.28.1
2023-05-03 10:34:33,506:INFO:          matplotlib: 3.7.0
2023-05-03 10:34:33,506:INFO:          scikitplot: 0.3.7
2023-05-03 10:34:33,506:INFO:         yellowbrick: 1.5
2023-05-03 10:34:33,506:INFO:              plotly: 5.9.0
2023-05-03 10:34:33,506:INFO:             kaleido: 0.2.1
2023-05-03 10:34:33,506:INFO:         statsmodels: 0.13.5
2023-05-03 10:34:33,506:INFO:              sktime: 0.18.0
2023-05-03 10:34:33,506:INFO:               tbats: 1.1.3
2023-05-03 10:34:33,506:INFO:            pmdarima: 2.0.3
2023-05-03 10:34:33,506:INFO:              psutil: 5.9.0
2023-05-03 10:34:33,506:INFO:PyCaret optional dependencies:
2023-05-03 10:34:33,506:INFO:                shap: Not installed
2023-05-03 10:34:33,506:INFO:           interpret: Not installed
2023-05-03 10:34:33,506:INFO:                umap: Not installed
2023-05-03 10:34:33,506:INFO:    pandas_profiling: Not installed
2023-05-03 10:34:33,507:INFO:  explainerdashboard: Not installed
2023-05-03 10:34:33,507:INFO:             autoviz: Not installed
2023-05-03 10:34:33,507:INFO:           fairlearn: Not installed
2023-05-03 10:34:33,507:INFO:             xgboost: Not installed
2023-05-03 10:34:33,507:INFO:            catboost: Not installed
2023-05-03 10:34:33,507:INFO:              kmodes: Not installed
2023-05-03 10:34:33,507:INFO:             mlxtend: Not installed
2023-05-03 10:34:33,507:INFO:       statsforecast: Not installed
2023-05-03 10:34:33,507:INFO:        tune_sklearn: Not installed
2023-05-03 10:34:33,507:INFO:                 ray: Not installed
2023-05-03 10:34:33,507:INFO:            hyperopt: Not installed
2023-05-03 10:34:33,507:INFO:              optuna: Not installed
2023-05-03 10:34:33,507:INFO:               skopt: Not installed
2023-05-03 10:34:33,507:INFO:              mlflow: Not installed
2023-05-03 10:34:33,507:INFO:              gradio: Not installed
2023-05-03 10:34:33,507:INFO:             fastapi: Not installed
2023-05-03 10:34:33,507:INFO:             uvicorn: Not installed
2023-05-03 10:34:33,507:INFO:              m2cgen: Not installed
2023-05-03 10:34:33,507:INFO:           evidently: Not installed
2023-05-03 10:34:33,507:INFO:               fugue: Not installed
2023-05-03 10:34:33,507:INFO:           streamlit: Not installed
2023-05-03 10:34:33,507:INFO:             prophet: Not installed
2023-05-03 10:34:33,507:INFO:None
2023-05-03 10:34:33,508:INFO:Set up data.
2023-05-03 10:34:33,642:INFO:Set up train/test split.
2023-05-03 10:34:36,698:INFO:PyCaret ClassificationExperiment
2023-05-03 10:34:36,698:INFO:Logging name: clf-default-name
2023-05-03 10:34:36,698:INFO:ML Usecase: MLUsecase.CLASSIFICATION
2023-05-03 10:34:36,698:INFO:version 3.0.0
2023-05-03 10:34:36,698:INFO:Initializing setup()
2023-05-03 10:34:36,698:INFO:self.USI: 9419
2023-05-03 10:34:36,698:INFO:self._variable_keys: {'target_param', 'y_train', 'y', 'is_multiclass', 'USI', 'gpu_n_jobs_param', 'gpu_param', 'fold_groups_param', 'memory', 'idx', 'seed', 'exp_id', '_available_plots', 'fix_imbalance', 'X', 'exp_name_log', '_ml_usecase', 'data', 'logging_param', 'html_param', 'n_jobs_param', 'pipeline', 'log_plots_param', 'X_test', 'X_train', 'y_test', 'fold_generator', 'fold_shuffle_param'}
2023-05-03 10:34:36,699:INFO:Checking environment
2023-05-03 10:34:36,699:INFO:python_version: 3.10.9
2023-05-03 10:34:36,699:INFO:python_build: ('main', 'Mar  1 2023 18:18:15')
2023-05-03 10:34:36,699:INFO:machine: AMD64
2023-05-03 10:34:36,699:INFO:platform: Windows-10-10.0.22621-SP0
2023-05-03 10:34:36,699:INFO:Memory: svmem(total=16760946688, available=6871105536, percent=59.0, used=9889841152, free=6871105536)
2023-05-03 10:34:36,699:INFO:Physical Core: 4
2023-05-03 10:34:36,699:INFO:Logical Core: 8
2023-05-03 10:34:36,699:INFO:Checking libraries
2023-05-03 10:34:36,699:INFO:System:
2023-05-03 10:34:36,699:INFO:    python: 3.10.9 | packaged by Anaconda, Inc. | (main, Mar  1 2023, 18:18:15) [MSC v.1916 64 bit (AMD64)]
2023-05-03 10:34:36,699:INFO:executable: c:\Users\DELL\anaconda3\python.exe
2023-05-03 10:34:36,699:INFO:   machine: Windows-10-10.0.22621-SP0
2023-05-03 10:34:36,699:INFO:PyCaret required dependencies:
2023-05-03 10:34:36,699:INFO:                 pip: 22.3.1
2023-05-03 10:34:36,699:INFO:          setuptools: 65.6.3
2023-05-03 10:34:36,699:INFO:             pycaret: 3.0.0
2023-05-03 10:34:36,699:INFO:             IPython: 8.10.0
2023-05-03 10:34:36,699:INFO:          ipywidgets: 7.6.5
2023-05-03 10:34:36,699:INFO:                tqdm: 4.64.1
2023-05-03 10:34:36,700:INFO:               numpy: 1.23.5
2023-05-03 10:34:36,700:INFO:              pandas: 1.5.3
2023-05-03 10:34:36,700:INFO:              jinja2: 3.1.2
2023-05-03 10:34:36,700:INFO:               scipy: 1.10.0
2023-05-03 10:34:36,700:INFO:              joblib: 1.2.0
2023-05-03 10:34:36,700:INFO:             sklearn: 1.2.1
2023-05-03 10:34:36,700:INFO:                pyod: 1.0.9
2023-05-03 10:34:36,700:INFO:            imblearn: 0.10.1
2023-05-03 10:34:36,700:INFO:   category_encoders: 2.6.0
2023-05-03 10:34:36,700:INFO:            lightgbm: 3.3.5
2023-05-03 10:34:36,700:INFO:               numba: 0.56.4
2023-05-03 10:34:36,700:INFO:            requests: 2.28.1
2023-05-03 10:34:36,700:INFO:          matplotlib: 3.7.0
2023-05-03 10:34:36,700:INFO:          scikitplot: 0.3.7
2023-05-03 10:34:36,700:INFO:         yellowbrick: 1.5
2023-05-03 10:34:36,701:INFO:              plotly: 5.9.0
2023-05-03 10:34:36,701:INFO:             kaleido: 0.2.1
2023-05-03 10:34:36,701:INFO:         statsmodels: 0.13.5
2023-05-03 10:34:36,701:INFO:              sktime: 0.18.0
2023-05-03 10:34:36,701:INFO:               tbats: 1.1.3
2023-05-03 10:34:36,701:INFO:            pmdarima: 2.0.3
2023-05-03 10:34:36,701:INFO:              psutil: 5.9.0
2023-05-03 10:34:36,701:INFO:PyCaret optional dependencies:
2023-05-03 10:34:36,701:INFO:                shap: Not installed
2023-05-03 10:34:36,701:INFO:           interpret: Not installed
2023-05-03 10:34:36,702:INFO:                umap: Not installed
2023-05-03 10:34:36,702:INFO:    pandas_profiling: Not installed
2023-05-03 10:34:36,702:INFO:  explainerdashboard: Not installed
2023-05-03 10:34:36,702:INFO:             autoviz: Not installed
2023-05-03 10:34:36,702:INFO:           fairlearn: Not installed
2023-05-03 10:34:36,702:INFO:             xgboost: Not installed
2023-05-03 10:34:36,702:INFO:            catboost: Not installed
2023-05-03 10:34:36,702:INFO:              kmodes: Not installed
2023-05-03 10:34:36,702:INFO:             mlxtend: Not installed
2023-05-03 10:34:36,702:INFO:       statsforecast: Not installed
2023-05-03 10:34:36,703:INFO:        tune_sklearn: Not installed
2023-05-03 10:34:36,703:INFO:                 ray: Not installed
2023-05-03 10:34:36,703:INFO:            hyperopt: Not installed
2023-05-03 10:34:36,703:INFO:              optuna: Not installed
2023-05-03 10:34:36,703:INFO:               skopt: Not installed
2023-05-03 10:34:36,703:INFO:              mlflow: Not installed
2023-05-03 10:34:36,703:INFO:              gradio: Not installed
2023-05-03 10:34:36,703:INFO:             fastapi: Not installed
2023-05-03 10:34:36,703:INFO:             uvicorn: Not installed
2023-05-03 10:34:36,703:INFO:              m2cgen: Not installed
2023-05-03 10:34:36,704:INFO:           evidently: Not installed
2023-05-03 10:34:36,704:INFO:               fugue: Not installed
2023-05-03 10:34:36,704:INFO:           streamlit: Not installed
2023-05-03 10:34:36,704:INFO:             prophet: Not installed
2023-05-03 10:34:36,704:INFO:None
2023-05-03 10:34:36,704:INFO:Set up data.
2023-05-03 10:34:36,826:INFO:Set up train/test split.
